0 verbose cli /usr/local/bin/node /usr/local/bin/npm
1 info using npm@11.6.1
2 info using node@v24.8.0
3 silly config load:file:/usr/local/lib/node_modules/npm/npmrc
4 silly config load:file:/Users/johnpaul/Desktop/codes/vitpure/frontend/.npmrc
5 silly config load:file:/Users/johnpaul/.npmrc
6 silly config load:file:/Users/johnpaul/Desktop/codes/vitpure/frontend/etc/npmrc
7 verbose title npm install
8 verbose argv "install" "--prefix" "/Users/johnpaul/Desktop/codes/vitpure/frontend"
9 verbose logfile logs-max:10 dir:/Users/johnpaul/Desktop/codes/vitpure/.npm-cache/_logs/2025-10-28T09_23_08_985Z-
10 verbose logfile /Users/johnpaul/Desktop/codes/vitpure/.npm-cache/_logs/2025-10-28T09_23_08_985Z-debug-0.log
11 silly logfile done cleaning log files
12 silly packumentCache heap:4496293888 maxSize:1124073472 maxEntrySize:562036736
13 silly idealTree buildDeps
14 silly fetch manifest ogl@^0.0.108
15 silly packumentCache full:https://registry.npmjs.org/ogl cache-miss
16 http fetch GET 200 https://registry.npmjs.org/npm 252ms
17 http fetch GET 200 https://registry.npmjs.org/ogl 297ms (cache miss)
18 silly packumentCache full:https://registry.npmjs.org/ogl set size:undefined disposed:false
19 silly placeDep ROOT ogl@0.0.108 OK for: frontend@0.0.0 want: ^0.0.108
20 silly reify moves {}
21 silly audit bulk request {
21 silly audit   '@alloc/quick-lru': [ '5.2.0' ],
21 silly audit   '@ampproject/remapping': [ '2.3.0' ],
21 silly audit   '@babel/code-frame': [ '7.27.1' ],
21 silly audit   '@babel/compat-data': [ '7.27.2' ],
21 silly audit   '@babel/core': [ '7.27.1' ],
21 silly audit   '@babel/generator': [ '7.27.1' ],
21 silly audit   '@babel/helper-compilation-targets': [ '7.27.2' ],
21 silly audit   '@babel/helper-module-imports': [ '7.27.1' ],
21 silly audit   '@babel/helper-module-transforms': [ '7.27.1' ],
21 silly audit   '@babel/helper-plugin-utils': [ '7.27.1' ],
21 silly audit   '@babel/helper-string-parser': [ '7.27.1' ],
21 silly audit   '@babel/helper-validator-identifier': [ '7.27.1' ],
21 silly audit   '@babel/helper-validator-option': [ '7.27.1' ],
21 silly audit   '@babel/helpers': [ '7.27.1' ],
21 silly audit   '@babel/parser': [ '7.27.2' ],
21 silly audit   '@babel/plugin-transform-react-jsx-self': [ '7.27.1' ],
21 silly audit   '@babel/plugin-transform-react-jsx-source': [ '7.27.1' ],
21 silly audit   '@babel/runtime': [ '7.27.1' ],
21 silly audit   '@babel/template': [ '7.27.2' ],
21 silly audit   '@babel/traverse': [ '7.27.1' ],
21 silly audit   globals: [ '11.12.0', '14.0.0', '16.1.0' ],
21 silly audit   '@babel/types': [ '7.27.1' ],
21 silly audit   '@esbuild/aix-ppc64': [ '0.25.4' ],
21 silly audit   '@esbuild/android-arm': [ '0.25.4' ],
21 silly audit   '@esbuild/android-arm64': [ '0.25.4' ],
21 silly audit   '@esbuild/android-x64': [ '0.25.4' ],
21 silly audit   '@esbuild/darwin-arm64': [ '0.25.4' ],
21 silly audit   '@esbuild/darwin-x64': [ '0.25.4' ],
21 silly audit   '@esbuild/freebsd-arm64': [ '0.25.4' ],
21 silly audit   '@esbuild/freebsd-x64': [ '0.25.4' ],
21 silly audit   '@esbuild/linux-arm': [ '0.25.4' ],
21 silly audit   '@esbuild/linux-arm64': [ '0.25.4' ],
21 silly audit   '@esbuild/linux-ia32': [ '0.25.4' ],
21 silly audit   '@esbuild/linux-loong64': [ '0.25.4' ],
21 silly audit   '@esbuild/linux-mips64el': [ '0.25.4' ],
21 silly audit   '@esbuild/linux-ppc64': [ '0.25.4' ],
21 silly audit   '@esbuild/linux-riscv64': [ '0.25.4' ],
21 silly audit   '@esbuild/linux-s390x': [ '0.25.4' ],
21 silly audit   '@esbuild/linux-x64': [ '0.25.4' ],
21 silly audit   '@esbuild/netbsd-arm64': [ '0.25.4' ],
21 silly audit   '@esbuild/netbsd-x64': [ '0.25.4' ],
21 silly audit   '@esbuild/openbsd-arm64': [ '0.25.4' ],
21 silly audit   '@esbuild/openbsd-x64': [ '0.25.4' ],
21 silly audit   '@esbuild/sunos-x64': [ '0.25.4' ],
21 silly audit   '@esbuild/win32-arm64': [ '0.25.4' ],
21 silly audit   '@esbuild/win32-ia32': [ '0.25.4' ],
21 silly audit   '@esbuild/win32-x64': [ '0.25.4' ],
21 silly audit   '@eslint-community/eslint-utils': [ '4.7.0' ],
21 silly audit   'eslint-visitor-keys': [ '3.4.3', '4.2.0' ],
21 silly audit   '@eslint-community/regexpp': [ '4.12.1' ],
21 silly audit   '@eslint/config-array': [ '0.20.0' ],
21 silly audit   '@eslint/config-helpers': [ '0.2.2' ],
21 silly audit   '@eslint/core': [ '0.13.0' ],
21 silly audit   '@eslint/eslintrc': [ '3.3.1' ],
21 silly audit   '@eslint/js': [ '9.26.0' ],
21 silly audit   '@eslint/object-schema': [ '2.1.6' ],
21 silly audit   '@eslint/plugin-kit': [ '0.2.8' ],
21 silly audit   '@floating-ui/core': [ '1.7.0' ],
21 silly audit   '@floating-ui/dom': [ '1.7.0' ],
21 silly audit   '@floating-ui/react-dom': [ '2.1.2' ],
21 silly audit   '@floating-ui/utils': [ '0.2.9' ],
21 silly audit   '@humanfs/core': [ '0.19.1' ],
21 silly audit   '@humanfs/node': [ '0.16.6' ],
21 silly audit   '@humanwhocodes/retry': [ '0.3.1', '0.4.3' ],
21 silly audit   '@humanwhocodes/module-importer': [ '1.0.1' ],
21 silly audit   '@isaacs/cliui': [ '8.0.2' ],
21 silly audit   '@isaacs/fs-minipass': [ '4.0.1' ],
21 silly audit   '@jridgewell/gen-mapping': [ '0.3.8' ],
21 silly audit   '@jridgewell/resolve-uri': [ '3.1.2' ],
21 silly audit   '@jridgewell/set-array': [ '1.2.1' ],
21 silly audit   '@jridgewell/sourcemap-codec': [ '1.5.0' ],
21 silly audit   '@jridgewell/trace-mapping': [ '0.3.25' ],
21 silly audit   '@modelcontextprotocol/sdk': [ '1.11.3' ],
21 silly audit   '@nodelib/fs.scandir': [ '2.1.5' ],
21 silly audit   '@nodelib/fs.stat': [ '2.0.5' ],
21 silly audit   '@nodelib/fs.walk': [ '1.2.8' ],
21 silly audit   '@pkgjs/parseargs': [ '0.11.0' ],
21 silly audit   '@radix-ui/number': [ '1.1.1' ],
21 silly audit   '@radix-ui/primitive': [ '1.1.2' ],
21 silly audit   '@radix-ui/react-accordion': [ '1.2.10' ],
21 silly audit   '@radix-ui/react-arrow': [ '1.1.6' ],
21 silly audit   '@radix-ui/react-collapsible': [ '1.1.10' ],
21 silly audit   '@radix-ui/react-collection': [ '1.1.6' ],
21 silly audit   '@radix-ui/react-compose-refs': [ '1.1.2' ],
21 silly audit   '@radix-ui/react-context': [ '1.1.2' ],
21 silly audit   '@radix-ui/react-dialog': [ '1.1.13' ],
21 silly audit   '@radix-ui/react-direction': [ '1.1.1' ],
21 silly audit   '@radix-ui/react-dismissable-layer': [ '1.1.9' ],
21 silly audit   '@radix-ui/react-dropdown-menu': [ '2.1.14' ],
21 silly audit   '@radix-ui/react-focus-guards': [ '1.1.2' ],
21 silly audit   '@radix-ui/react-focus-scope': [ '1.1.6' ],
21 silly audit   '@radix-ui/react-id': [ '1.1.1' ],
21 silly audit   '@radix-ui/react-label': [ '2.1.6' ],
21 silly audit   '@radix-ui/react-menu': [ '2.1.14' ],
21 silly audit   '@radix-ui/react-popper': [ '1.2.6' ],
21 silly audit   '@radix-ui/react-portal': [ '1.1.8' ],
21 silly audit   '@radix-ui/react-presence': [ '1.1.4' ],
21 silly audit   '@radix-ui/react-primitive': [ '2.1.2' ],
21 silly audit   '@radix-ui/react-progress': [ '1.1.6' ],
21 silly audit   '@radix-ui/react-roving-focus': [ '1.1.9' ],
21 silly audit   '@radix-ui/react-slider': [ '1.3.4' ],
21 silly audit   '@radix-ui/react-slot': [ '1.2.2' ],
21 silly audit   '@radix-ui/react-switch': [ '1.2.4' ],
21 silly audit   '@radix-ui/react-tabs': [ '1.1.11' ],
21 silly audit   '@radix-ui/react-tooltip': [ '1.2.6' ],
21 silly audit   '@radix-ui/react-use-callback-ref': [ '1.1.1' ],
21 silly audit   '@radix-ui/react-use-controllable-state': [ '1.2.2' ],
21 silly audit   '@radix-ui/react-use-effect-event': [ '0.0.2' ],
21 silly audit   '@radix-ui/react-use-escape-keydown': [ '1.1.1' ],
21 silly audit   '@radix-ui/react-use-layout-effect': [ '1.1.1' ],
21 silly audit   '@radix-ui/react-use-previous': [ '1.1.1' ],
21 silly audit   '@radix-ui/react-use-rect': [ '1.1.1' ],
21 silly audit   '@radix-ui/react-use-size': [ '1.1.1' ],
21 silly audit   '@radix-ui/react-visually-hidden': [ '1.2.2' ],
21 silly audit   '@radix-ui/rect': [ '1.1.1' ],
21 silly audit   '@react-leaflet/core': [ '3.0.0' ],
21 silly audit   '@react-pdf/fns': [ '3.1.2' ],
21 silly audit   '@react-pdf/font': [ '4.0.2' ],
21 silly audit   '@react-pdf/image': [ '3.0.3' ],
21 silly audit   '@react-pdf/layout': [ '4.4.0' ],
21 silly audit   'emoji-regex': [ '10.4.0', '9.2.2', '8.0.0' ],
21 silly audit   '@react-pdf/pdfkit': [ '4.0.3' ],
21 silly audit   '@react-pdf/png-js': [ '3.0.0' ],
21 silly audit   '@react-pdf/primitives': [ '4.1.1' ],
21 silly audit   '@react-pdf/reconciler': [ '1.1.4' ],
21 silly audit   scheduler: [ '0.25.0-rc-603e6108-20241029', '0.26.0' ],
21 silly audit   '@react-pdf/render': [ '4.3.0' ],
21 silly audit   '@react-pdf/renderer': [ '4.3.0' ],
21 silly audit   '@react-pdf/stylesheet': [ '6.1.0' ],
21 silly audit   '@react-pdf/textkit': [ '6.0.0' ],
21 silly audit   '@react-pdf/types': [ '2.9.0' ],
21 silly audit   '@rollup/rollup-android-arm-eabi': [ '4.40.2' ],
21 silly audit   '@rollup/rollup-android-arm64': [ '4.40.2' ],
21 silly audit   '@rollup/rollup-darwin-arm64': [ '4.40.2' ],
21 silly audit   '@rollup/rollup-darwin-x64': [ '4.40.2' ],
21 silly audit   '@rollup/rollup-freebsd-arm64': [ '4.40.2' ],
21 silly audit   '@rollup/rollup-freebsd-x64': [ '4.40.2' ],
21 silly audit   '@rollup/rollup-linux-arm-gnueabihf': [ '4.40.2' ],
21 silly audit   '@rollup/rollup-linux-arm-musleabihf': [ '4.40.2' ],
21 silly audit   '@rollup/rollup-linux-arm64-gnu': [ '4.40.2' ],
21 silly audit   '@rollup/rollup-linux-arm64-musl': [ '4.40.2' ],
21 silly audit   '@rollup/rollup-linux-loongarch64-gnu': [ '4.40.2' ],
21 silly audit   '@rollup/rollup-linux-powerpc64le-gnu': [ '4.40.2' ],
21 silly audit   '@rollup/rollup-linux-riscv64-gnu': [ '4.40.2' ],
21 silly audit   '@rollup/rollup-linux-riscv64-musl': [ '4.40.2' ],
21 silly audit   '@rollup/rollup-linux-s390x-gnu': [ '4.40.2' ],
21 silly audit   '@rollup/rollup-linux-x64-gnu': [ '4.40.2' ],
21 silly audit   '@rollup/rollup-linux-x64-musl': [ '4.40.2' ],
21 silly audit   '@rollup/rollup-win32-arm64-msvc': [ '4.40.2' ],
21 silly audit   '@rollup/rollup-win32-ia32-msvc': [ '4.40.2' ],
21 silly audit   '@rollup/rollup-win32-x64-msvc': [ '4.40.2' ],
21 silly audit   '@swc/helpers': [ '0.5.17' ],
21 silly audit   '@tailwindcss/node': [ '4.1.7' ],
21 silly audit   jiti: [ '2.4.2', '1.21.7' ],
21 silly audit   tailwindcss: [ '4.1.7', '3.4.17' ],
21 silly audit   '@tailwindcss/oxide': [ '4.1.7' ],
21 silly audit   '@tailwindcss/oxide-android-arm64': [ '4.1.7' ],
21 silly audit   '@tailwindcss/oxide-darwin-arm64': [ '4.1.7' ],
21 silly audit   '@tailwindcss/oxide-darwin-x64': [ '4.1.7' ],
21 silly audit   '@tailwindcss/oxide-freebsd-x64': [ '4.1.7' ],
21 silly audit   '@tailwindcss/oxide-linux-arm-gnueabihf': [ '4.1.7' ],
21 silly audit   '@tailwindcss/oxide-linux-arm64-gnu': [ '4.1.7' ],
21 silly audit   '@tailwindcss/oxide-linux-arm64-musl': [ '4.1.7' ],
21 silly audit   '@tailwindcss/oxide-linux-x64-gnu': [ '4.1.7' ],
21 silly audit   '@tailwindcss/oxide-linux-x64-musl': [ '4.1.7' ],
21 silly audit   '@tailwindcss/oxide-wasm32-wasi': [ '4.1.7' ],
21 silly audit   '@tailwindcss/oxide-win32-arm64-msvc': [ '4.1.7' ],
21 silly audit   '@tailwindcss/oxide-win32-x64-msvc': [ '4.1.7' ],
21 silly audit   '@tailwindcss/vite': [ '4.1.7' ],
21 silly audit   '@types/babel__core': [ '7.20.5' ],
21 silly audit   '@types/babel__generator': [ '7.27.0' ],
21 silly audit   '@types/babel__template': [ '7.4.4' ],
21 silly audit   '@types/babel__traverse': [ '7.20.7' ],
21 silly audit   '@types/estree': [ '1.0.7' ],
21 silly audit   '@types/file-saver': [ '2.0.7' ],
21 silly audit   '@types/json-schema': [ '7.0.15' ],
21 silly audit   '@types/raf': [ '3.4.3' ],
21 silly audit   '@types/react': [ '19.1.4' ],
21 silly audit   '@types/react-dom': [ '19.1.5' ],
21 silly audit   '@types/trusted-types': [ '2.0.7' ],
21 silly audit   '@vitejs/plugin-react': [ '4.4.1' ],
21 silly audit   'abs-svg-path': [ '0.1.1' ],
21 silly audit   accepts: [ '2.0.0' ],
21 silly audit   acorn: [ '8.14.1' ],
21 silly audit   'acorn-jsx': [ '5.3.2' ],
21 silly audit   ajv: [ '6.12.6' ],
21 silly audit   'ansi-regex': [ '6.1.0', '5.0.1' ],
21 silly audit   'ansi-styles': [ '4.3.0', '6.2.1' ],
21 silly audit   'any-promise': [ '1.3.0' ],
21 silly audit   anymatch: [ '3.1.3' ],
21 silly audit   picomatch: [ '2.3.1', '4.0.2' ],
21 silly audit   arg: [ '5.0.2' ],
21 silly audit   argparse: [ '2.0.1' ],
21 silly audit   'aria-hidden': [ '1.2.4' ],
21 silly audit   asynckit: [ '0.4.0' ],
21 silly audit   atob: [ '2.1.2' ],
21 silly audit   autoprefixer: [ '10.4.21' ],
21 silly audit   axios: [ '1.9.0' ],
21 silly audit   'balanced-match': [ '1.0.2' ],
21 silly audit   'base64-arraybuffer': [ '1.0.2' ],
21 silly audit   'base64-js': [ '1.5.1', '0.0.8' ],
21 silly audit   'bidi-js': [ '1.0.3' ],
21 silly audit   'binary-extensions': [ '2.3.0' ],
21 silly audit   'body-parser': [ '2.2.0' ],
21 silly audit   'brace-expansion': [ '1.1.11', '2.0.1' ],
21 silly audit   braces: [ '3.0.3' ],
21 silly audit   brotli: [ '1.3.3' ],
21 silly audit   'browserify-zlib': [ '0.2.0' ],
21 silly audit   browserslist: [ '4.24.5' ],
21 silly audit   btoa: [ '1.2.1' ],
21 silly audit   bytes: [ '3.1.2' ],
21 silly audit   'call-bind-apply-helpers': [ '1.0.2' ],
21 silly audit   'call-bound': [ '1.0.4' ],
21 silly audit   callsites: [ '3.1.0' ],
21 silly audit   'camelcase-css': [ '2.0.1' ],
21 silly audit   'caniuse-lite': [ '1.0.30001718' ],
21 silly audit   canvg: [ '3.0.11' ],
21 silly audit   chalk: [ '4.1.2' ],
21 silly audit   chokidar: [ '3.6.0' ],
21 silly audit   'glob-parent': [ '5.1.2', '6.0.2' ],
21 silly audit   chownr: [ '3.0.0' ],
21 silly audit   'class-variance-authority': [ '0.7.1' ],
21 silly audit   clone: [ '2.1.2' ],
21 silly audit   clsx: [ '2.1.1' ],
21 silly audit   'color-convert': [ '2.0.1' ],
21 silly audit   'color-name': [ '1.1.4' ],
21 silly audit   'color-string': [ '1.9.1' ],
21 silly audit   'combined-stream': [ '1.0.8' ],
21 silly audit   commander: [ '4.1.1' ],
21 silly audit   'concat-map': [ '0.0.1' ],
21 silly audit   'content-disposition': [ '1.0.0' ],
21 silly audit   'content-type': [ '1.0.5' ],
21 silly audit   'convert-source-map': [ '2.0.0' ],
21 silly audit   cookie: [ '0.7.2', '1.0.2' ],
21 silly audit   'cookie-signature': [ '1.2.2' ],
21 silly audit   'core-js': [ '3.42.0' ],
21 silly audit   cors: [ '2.8.5' ],
21 silly audit   'cross-spawn': [ '7.0.6' ],
21 silly audit   'crypto-js': [ '4.2.0' ],
21 silly audit   'css-line-break': [ '2.1.0' ],
21 silly audit   cssesc: [ '3.0.0' ],
21 silly audit   csstype: [ '3.1.3' ],
21 silly audit   debug: [ '4.4.1' ],
21 silly audit   'deep-is': [ '0.1.4' ],
21 silly audit   'delayed-stream': [ '1.0.0' ],
21 silly audit   depd: [ '2.0.0' ],
21 silly audit   'detect-libc': [ '2.0.4' ],
21 silly audit   'detect-node-es': [ '1.1.0' ],
21 silly audit   dfa: [ '1.2.0' ],
21 silly audit   didyoumean: [ '1.2.2' ],
21 silly audit   dlv: [ '1.1.3' ],
21 silly audit   dompurify: [ '3.2.5' ],
21 silly audit   'dunder-proto': [ '1.0.1' ],
21 silly audit   eastasianwidth: [ '0.2.0' ],
21 silly audit   'ee-first': [ '1.1.1' ],
21 silly audit   'electron-to-chromium': [ '1.5.155' ],
21 silly audit   encodeurl: [ '2.0.0' ],
21 silly audit   'enhanced-resolve': [ '5.18.1' ],
21 silly audit   'es-define-property': [ '1.0.1' ],
21 silly audit   'es-errors': [ '1.3.0' ],
21 silly audit   'es-object-atoms': [ '1.1.1' ],
21 silly audit   'es-set-tostringtag': [ '2.1.0' ],
21 silly audit   'es6-promise': [ '4.2.8' ],
21 silly audit   esbuild: [ '0.25.4' ],
21 silly audit   escalade: [ '3.2.0' ],
21 silly audit   'escape-html': [ '1.0.3' ],
21 silly audit   'escape-string-regexp': [ '4.0.0' ],
21 silly audit   eslint: [ '9.26.0' ],
21 silly audit   'eslint-plugin-react-hooks': [ '5.2.0' ],
21 silly audit   'eslint-plugin-react-refresh': [ '0.4.20' ],
21 silly audit   'eslint-scope': [ '8.3.0' ],
21 silly audit   espree: [ '10.3.0' ],
21 silly audit   esquery: [ '1.6.0' ],
21 silly audit   esrecurse: [ '4.3.0' ],
21 silly audit   estraverse: [ '5.3.0' ],
21 silly audit   esutils: [ '2.0.3' ],
21 silly audit   etag: [ '1.8.1' ],
21 silly audit   events: [ '3.3.0' ],
21 silly audit   eventsource: [ '3.0.7' ],
21 silly audit   'eventsource-parser': [ '3.0.2' ],
21 silly audit   express: [ '5.1.0' ],
21 silly audit   'express-rate-limit': [ '7.5.0' ],
21 silly audit   'fast-deep-equal': [ '3.1.3' ],
21 silly audit   'fast-glob': [ '3.3.3' ],
21 silly audit   'fast-json-stable-stringify': [ '2.1.0' ],
21 silly audit   'fast-levenshtein': [ '2.0.6' ],
21 silly audit   fastq: [ '1.19.1' ],
21 silly audit   fdir: [ '6.4.4' ],
21 silly audit   fflate: [ '0.8.2' ],
21 silly audit   'file-entry-cache': [ '8.0.0' ],
21 silly audit   'file-saver': [ '2.0.5' ],
21 silly audit   'fill-range': [ '7.1.1' ],
21 silly audit   finalhandler: [ '2.1.0' ],
21 silly audit   'find-up': [ '5.0.0' ],
21 silly audit   'flat-cache': [ '4.0.1' ],
21 silly audit   flatted: [ '3.3.3' ],
21 silly audit   'follow-redirects': [ '1.15.9' ],
21 silly audit   fontkit: [ '2.0.4' ],
21 silly audit   'foreground-child': [ '3.3.1' ],
21 silly audit   'form-data': [ '4.0.2' ],
21 silly audit   'mime-db': [ '1.52.0', '1.54.0' ],
21 silly audit   'mime-types': [ '2.1.35', '3.0.1' ],
21 silly audit   forwarded: [ '0.2.0' ],
21 silly audit   'fraction.js': [ '4.3.7' ],
21 silly audit   'framer-motion': [ '12.12.1' ],
21 silly audit   fresh: [ '2.0.0' ],
21 silly audit   fsevents: [ '2.3.3' ],
21 silly audit   'function-bind': [ '1.1.2' ],
21 silly audit   gensync: [ '1.0.0-beta.2' ],
21 silly audit   'get-intrinsic': [ '1.3.0' ],
21 silly audit   'get-nonce': [ '1.0.1' ],
21 silly audit   'get-proto': [ '1.0.1' ],
21 silly audit   glob: [ '10.4.5' ],
21 silly audit   minimatch: [ '9.0.5', '3.1.2' ],
21 silly audit   globrex: [ '0.1.2' ],
21 silly audit   gopd: [ '1.2.0' ],
21 silly audit   'graceful-fs': [ '4.2.11' ],
21 silly audit   'has-flag': [ '4.0.0' ],
21 silly audit   'has-symbols': [ '1.1.0' ],
21 silly audit   'has-tostringtag': [ '1.0.2' ],
21 silly audit   hasown: [ '2.0.2' ],
21 silly audit   'hsl-to-hex': [ '1.0.0' ],
21 silly audit   'hsl-to-rgb-for-reals': [ '1.1.1' ],
21 silly audit   html2canvas: [ '1.4.1' ],
21 silly audit   'html2pdf.js': [ '0.10.3' ],
21 silly audit   'http-errors': [ '2.0.0' ],
21 silly audit   hyphen: [ '1.10.6' ],
21 silly audit   'iconv-lite': [ '0.6.3' ],
21 silly audit   ignore: [ '5.3.2' ],
21 silly audit   'import-fresh': [ '3.3.1' ],
21 silly audit   imurmurhash: [ '0.1.4' ],
21 silly audit   inherits: [ '2.0.4' ],
21 silly audit   'ipaddr.js': [ '1.9.1' ],
21 silly audit   'is-arrayish': [ '0.3.2' ],
21 silly audit   'is-binary-path': [ '2.1.0' ],
21 silly audit   'is-core-module': [ '2.16.1' ],
21 silly audit   'is-extglob': [ '2.1.1' ],
21 silly audit   'is-fullwidth-code-point': [ '3.0.0' ],
21 silly audit   'is-glob': [ '4.0.3' ],
21 silly audit   'is-number': [ '7.0.0' ],
21 silly audit   'is-promise': [ '4.0.0' ],
21 silly audit   'is-url': [ '1.2.4' ],
21 silly audit   isexe: [ '2.0.0' ],
21 silly audit   jackspeak: [ '3.4.3' ],
21 silly audit   'jay-peg': [ '1.1.1' ],
21 silly audit   'js-tokens': [ '4.0.0' ],
21 silly audit   'js-yaml': [ '4.1.0' ],
21 silly audit   jsesc: [ '3.1.0' ],
21 silly audit   'json-buffer': [ '3.0.1' ],
21 silly audit   'json-schema-traverse': [ '0.4.1' ],
21 silly audit   'json-stable-stringify-without-jsonify': [ '1.0.1' ],
21 silly audit   json5: [ '2.2.3' ],
21 silly audit   jspdf: [ '3.0.1' ],
21 silly audit   keyv: [ '4.5.4' ],
21 silly audit   leaflet: [ '1.9.4' ],
21 silly audit   levn: [ '0.4.1' ],
21 silly audit   lightningcss: [ '1.30.1' ],
21 silly audit   'lightningcss-darwin-arm64': [ '1.30.1' ],
21 silly audit   'lightningcss-darwin-x64': [ '1.30.1' ],
21 silly audit   'lightningcss-freebsd-x64': [ '1.30.1' ],
21 silly audit   'lightningcss-linux-arm-gnueabihf': [ '1.30.1' ],
21 silly audit   'lightningcss-linux-arm64-gnu': [ '1.30.1' ],
21 silly audit   'lightningcss-linux-arm64-musl': [ '1.30.1' ],
21 silly audit   'lightningcss-linux-x64-gnu': [ '1.30.1' ],
21 silly audit   'lightningcss-linux-x64-musl': [ '1.30.1' ],
21 silly audit   'lightningcss-win32-arm64-msvc': [ '1.30.1' ],
21 silly audit   'lightningcss-win32-x64-msvc': [ '1.30.1' ],
21 silly audit   lilconfig: [ '3.1.3' ],
21 silly audit   linebreak: [ '1.1.0' ],
21 silly audit   'lines-and-columns': [ '1.2.4' ],
21 silly audit   'locate-path': [ '6.0.0' ],
21 silly audit   'lodash.merge': [ '4.6.2' ],
21 silly audit   'loose-envify': [ '1.4.0' ],
21 silly audit   'lru-cache': [ '5.1.1', '10.4.3' ],
21 silly audit   'lucide-react': [ '0.509.0' ],
21 silly audit   'magic-string': [ '0.30.17' ],
21 silly audit   'math-intrinsics': [ '1.1.0' ],
21 silly audit   'media-engine': [ '1.0.3' ],
21 silly audit   'media-typer': [ '1.1.0' ],
21 silly audit   'merge-descriptors': [ '2.0.0' ],
21 silly audit   merge2: [ '1.4.1' ],
21 silly audit   micromatch: [ '4.0.8' ],
21 silly audit   minipass: [ '7.1.2' ],
21 silly audit   minizlib: [ '3.0.2' ],
21 silly audit   mkdirp: [ '3.0.1' ],
21 silly audit   motion: [ '12.12.1' ],
21 silly audit   'motion-dom': [ '12.12.1' ],
21 silly audit   'motion-utils': [ '12.12.1' ],
21 silly audit   ms: [ '2.1.3' ],
21 silly audit   mz: [ '2.7.0' ],
21 silly audit   nanoid: [ '3.3.11' ],
21 silly audit   'natural-compare': [ '1.4.0' ],
21 silly audit   negotiator: [ '1.0.0' ],
21 silly audit   'node-releases': [ '2.0.19' ],
21 silly audit   'normalize-path': [ '3.0.0' ],
21 silly audit   'normalize-range': [ '0.1.2' ],
21 silly audit   'normalize-svg-path': [ '1.1.0' ],
21 silly audit   'object-assign': [ '4.1.1' ],
21 silly audit   'object-hash': [ '3.0.0' ],
21 silly audit   'object-inspect': [ '1.13.4' ],
21 silly audit   'on-finished': [ '2.4.1' ],
21 silly audit   once: [ '1.4.0' ],
21 silly audit   optionator: [ '0.9.4' ],
21 silly audit   'p-limit': [ '3.1.0' ],
21 silly audit   'p-locate': [ '5.0.0' ],
21 silly audit   'package-json-from-dist': [ '1.0.1' ],
21 silly audit   pako: [ '1.0.11', '0.2.9' ],
21 silly audit   'parent-module': [ '1.0.1' ],
21 silly audit   'parse-svg-path': [ '0.1.2' ],
21 silly audit   parseurl: [ '1.3.3' ],
21 silly audit   'path-exists': [ '4.0.0' ],
21 silly audit   'path-key': [ '3.1.1' ],
21 silly audit   'path-parse': [ '1.0.7' ],
21 silly audit   'path-scurry': [ '1.11.1' ],
21 silly audit   'path-to-regexp': [ '8.2.0' ],
21 silly audit   'performance-now': [ '2.1.0' ],
21 silly audit   picocolors: [ '1.1.1' ],
21 silly audit   pify: [ '2.3.0' ],
21 silly audit   pirates: [ '4.0.7' ],
21 silly audit   'pkce-challenge': [ '5.0.0' ],
21 silly audit   postcss: [ '8.5.3' ],
21 silly audit   'postcss-import': [ '15.1.0' ],
21 silly audit   'postcss-js': [ '4.0.1' ],
21 silly audit   'postcss-load-config': [ '4.0.2' ],
21 silly audit   'postcss-nested': [ '6.2.0' ],
21 silly audit   'postcss-selector-parser': [ '6.1.2' ],
21 silly audit   'postcss-value-parser': [ '4.2.0' ],
21 silly audit   'prelude-ls': [ '1.2.1' ],
21 silly audit   'prop-types': [ '15.8.1' ],
21 silly audit   'proxy-addr': [ '2.0.7' ],
21 silly audit   'proxy-from-env': [ '1.1.0' ],
21 silly audit   punycode: [ '2.3.1' ],
21 silly audit   qs: [ '6.14.0' ],
21 silly audit   queue: [ '6.0.2' ],
21 silly audit   'queue-microtask': [ '1.2.3' ],
21 silly audit   raf: [ '3.4.1' ],
21 silly audit   'range-parser': [ '1.2.1' ],
21 silly audit   'raw-body': [ '3.0.0' ],
21 silly audit   react: [ '19.1.0' ],
21 silly audit   'react-dom': [ '19.1.0' ],
21 silly audit   'react-is': [ '16.13.1' ],
21 silly audit   'react-leaflet': [ '5.0.0' ],
21 silly audit   'react-refresh': [ '0.17.0' ],
21 silly audit   'react-remove-scroll': [ '2.6.3' ],
21 silly audit   'react-remove-scroll-bar': [ '2.3.8' ],
21 silly audit   'react-router': [ '7.6.0' ],
21 silly audit   'react-router-dom': [ '7.6.0' ],
21 silly audit   'react-style-singleton': [ '2.2.3' ],
21 silly audit   'read-cache': [ '1.0.0' ],
21 silly audit   readdirp: [ '3.6.0' ],
21 silly audit   'regenerator-runtime': [ '0.13.11' ],
21 silly audit   'require-from-string': [ '2.0.2' ],
21 silly audit   resolve: [ '1.22.10' ],
21 silly audit   'resolve-from': [ '4.0.0' ],
21 silly audit   restructure: [ '3.0.2' ],
21 silly audit   reusify: [ '1.1.0' ],
21 silly audit   rgbcolor: [ '1.0.1' ],
21 silly audit   rollup: [ '4.40.2' ],
21 silly audit   router: [ '2.2.0' ],
21 silly audit   'run-parallel': [ '1.2.0' ],
21 silly audit   'safe-buffer': [ '5.2.1' ],
21 silly audit   'safer-buffer': [ '2.1.2' ],
21 silly audit   semver: [ '6.3.1' ],
21 silly audit   send: [ '1.2.0' ],
21 silly audit   'serve-static': [ '2.2.0' ],
21 silly audit   'set-cookie-parser': [ '2.7.1' ],
21 silly audit   setprototypeof: [ '1.2.0' ],
21 silly audit   'shebang-command': [ '2.0.0' ],
21 silly audit   'shebang-regex': [ '3.0.0' ],
21 silly audit   'side-channel': [ '1.1.0' ],
21 silly audit   'side-channel-list': [ '1.0.0' ],
21 silly audit   'side-channel-map': [ '1.0.1' ],
21 silly audit   'side-channel-weakmap': [ '1.0.2' ],
21 silly audit   'signal-exit': [ '4.1.0' ],
21 silly audit   'simple-swizzle': [ '0.2.2' ],
21 silly audit   'source-map-js': [ '1.2.1' ],
21 silly audit   'stackblur-canvas': [ '2.7.0' ],
21 silly audit   statuses: [ '2.0.1' ],
21 silly audit   string_decoder: [ '1.3.0' ],
21 silly audit   'string-width': [ '5.1.2', '4.2.3' ],
21 silly audit   'strip-ansi': [ '6.0.1', '7.1.0' ],
21 silly audit   'strip-json-comments': [ '3.1.1' ],
21 silly audit   sucrase: [ '3.35.0' ],
21 silly audit   'supports-color': [ '7.2.0' ],
21 silly audit   'supports-preserve-symlinks-flag': [ '1.0.0' ],
21 silly audit   'svg-arc-to-cubic-bezier': [ '3.2.0' ],
21 silly audit   'svg-pathdata': [ '6.0.3' ],
21 silly audit   'tailwind-merge': [ '3.3.0' ],
21 silly audit   'tailwindcss-animate': [ '1.0.7' ],
21 silly audit   tapable: [ '2.2.1' ],
21 silly audit   tar: [ '7.4.3' ],
21 silly audit   yallist: [ '5.0.0', '3.1.1' ],
21 silly audit   'text-segmentation': [ '1.0.3' ],
21 silly audit   thenify: [ '3.3.1' ],
21 silly audit   'thenify-all': [ '1.6.0' ],
21 silly audit   'tiny-inflate': [ '1.0.3' ],
21 silly audit   tinyglobby: [ '0.2.13' ],
21 silly audit   'to-regex-range': [ '5.0.1' ],
21 silly audit   toidentifier: [ '1.0.1' ],
21 silly audit   'ts-interface-checker': [ '0.1.13' ],
21 silly audit   tsconfck: [ '3.1.5' ],
21 silly audit   tslib: [ '2.8.1' ],
21 silly audit   'type-check': [ '0.4.0' ],
21 silly audit   'type-is': [ '2.0.1' ],
21 silly audit   'unicode-properties': [ '1.4.1' ],
21 silly audit   'unicode-trie': [ '2.0.0' ],
21 silly audit   unpipe: [ '1.0.0' ],
21 silly audit   'update-browserslist-db': [ '1.1.3' ],
21 silly audit   'uri-js': [ '4.4.1' ],
21 silly audit   'use-callback-ref': [ '1.3.3' ],
21 silly audit   'use-sidecar': [ '1.1.3' ],
21 silly audit   'util-deprecate': [ '1.0.2' ],
21 silly audit   utrie: [ '1.0.2' ],
21 silly audit   vary: [ '1.1.2' ],
21 silly audit   vite: [ '6.3.5' ],
21 silly audit   'vite-compatible-readable-stream': [ '3.6.1' ],
21 silly audit   'vite-tsconfig-paths': [ '5.1.4' ],
21 silly audit   which: [ '2.0.2' ],
21 silly audit   'word-wrap': [ '1.2.5' ],
21 silly audit   'wrap-ansi': [ '8.1.0', '7.0.0' ],
21 silly audit   wrappy: [ '1.0.2' ],
21 silly audit   yaml: [ '2.8.0' ],
21 silly audit   'yocto-queue': [ '0.1.0' ],
21 silly audit   'yoga-layout': [ '3.2.1' ],
21 silly audit   zod: [ '3.24.4' ],
21 silly audit   'zod-to-json-schema': [ '3.24.5' ],
21 silly audit   ogl: [ '0.0.108' ]
21 silly audit }
22 http cache ogl@https://registry.npmjs.org/ogl/-/ogl-0.0.108.tgz 0ms (cache hit)
23 silly tarball no local data for ogl@https://registry.npmjs.org/ogl/-/ogl-0.0.108.tgz. Extracting by manifest.
24 http fetch POST 200 https://registry.npmjs.org/-/npm/v1/security/advisories/bulk 326ms
25 silly audit report {
25 silly audit report   '@eslint/plugin-kit': [
25 silly audit report     {
25 silly audit report       id: 1106734,
25 silly audit report       url: 'https://github.com/advisories/GHSA-xffm-g5w8-qvg7',
25 silly audit report       title: '@eslint/plugin-kit is vulnerable to Regular Expression Denial of Service attacks through ConfigCommentParser',
25 silly audit report       severity: 'low',
25 silly audit report       vulnerable_versions: '<0.3.4',
25 silly audit report       cwe: [Array],
25 silly audit report       cvss: [Object]
25 silly audit report     }
25 silly audit report   ],
25 silly audit report   axios: [
25 silly audit report     {
25 silly audit report       id: 1108263,
25 silly audit report       url: 'https://github.com/advisories/GHSA-4hjh-wcwx-xvwj',
25 silly audit report       title: 'Axios is vulnerable to DoS attack through lack of data size check',
25 silly audit report       severity: 'high',
25 silly audit report       vulnerable_versions: '>=1.0.0 <1.12.0',
25 silly audit report       cwe: [Array],
25 silly audit report       cvss: [Object]
25 silly audit report     }
25 silly audit report   ],
25 silly audit report   'brace-expansion': [
25 silly audit report     {
25 silly audit report       id: 1105443,
25 silly audit report       url: 'https://github.com/advisories/GHSA-v6h2-p8h4-qcjw',
25 silly audit report       title: 'brace-expansion Regular Expression Denial of Service vulnerability',
25 silly audit report       severity: 'low',
25 silly audit report       vulnerable_versions: '>=1.0.0 <=1.1.11',
25 silly audit report       cwe: [Array],
25 silly audit report       cvss: [Object]
25 silly audit report     },
25 silly audit report     {
25 silly audit report       id: 1105444,
25 silly audit report       url: 'https://github.com/advisories/GHSA-v6h2-p8h4-qcjw',
25 silly audit report       title: 'brace-expansion Regular Expression Denial of Service vulnerability',
25 silly audit report       severity: 'low',
25 silly audit report       vulnerable_versions: '>=2.0.0 <=2.0.1',
25 silly audit report       cwe: [Array],
25 silly audit report       cvss: [Object]
25 silly audit report     }
25 silly audit report   ],
25 silly audit report   'form-data': [
25 silly audit report     {
25 silly audit report       id: 1106507,
25 silly audit report       url: 'https://github.com/advisories/GHSA-fjxv-7rqg-78g4',
25 silly audit report       title: 'form-data uses unsafe random function in form-data for choosing boundary',
25 silly audit report       severity: 'critical',
25 silly audit report       vulnerable_versions: '>=4.0.0 <4.0.4',
25 silly audit report       cwe: [Array],
25 silly audit report       cvss: [Object]
25 silly audit report     }
25 silly audit report   ],
25 silly audit report   jspdf: [
25 silly audit report     {
25 silly audit report       id: 1107412,
25 silly audit report       url: 'https://github.com/advisories/GHSA-8mvj-3j78-4qmw',
25 silly audit report       title: 'jsPDF Denial of Service (DoS)',
25 silly audit report       severity: 'high',
25 silly audit report       vulnerable_versions: '<=3.0.1',
25 silly audit report       cwe: [Array],
25 silly audit report       cvss: [Object]
25 silly audit report     }
25 silly audit report   ],
25 silly audit report   vite: [
25 silly audit report     {
25 silly audit report       id: 1107324,
25 silly audit report       url: 'https://github.com/advisories/GHSA-g4jq-h2w9-997c',
25 silly audit report       title: 'Vite middleware may serve files starting with the same name with the public directory',
25 silly audit report       severity: 'low',
25 silly audit report       vulnerable_versions: '>=6.0.0 <=6.3.5',
25 silly audit report       cwe: [Array],
25 silly audit report       cvss: [Object]
25 silly audit report     },
25 silly audit report     {
25 silly audit report       id: 1107328,
25 silly audit report       url: 'https://github.com/advisories/GHSA-jqfw-vq24-v9c3',
25 silly audit report       title: "Vite's `server.fs` settings were not applied to HTML files",
25 silly audit report       severity: 'low',
25 silly audit report       vulnerable_versions: '>=6.0.0 <=6.3.5',
25 silly audit report       cwe: [Array],
25 silly audit report       cvss: [Object]
25 silly audit report     },
25 silly audit report     {
25 silly audit report       id: 1109135,
25 silly audit report       url: 'https://github.com/advisories/GHSA-93m4-6634-74q7',
25 silly audit report       title: 'vite allows server.fs.deny bypass via backslash on Windows',
25 silly audit report       severity: 'moderate',
25 silly audit report       vulnerable_versions: '>=6.0.0 <=6.4.0',
25 silly audit report       cwe: [Array],
25 silly audit report       cvss: [Object]
25 silly audit report     }
25 silly audit report   ]
25 silly audit report }
26 silly packumentCache corgi:https://registry.npmjs.org/@eslint%2fplugin-kit cache-miss
27 silly packumentCache corgi:https://registry.npmjs.org/axios cache-miss
28 silly packumentCache corgi:https://registry.npmjs.org/brace-expansion cache-miss
29 silly packumentCache corgi:https://registry.npmjs.org/form-data cache-miss
30 silly packumentCache corgi:https://registry.npmjs.org/jspdf cache-miss
31 silly packumentCache corgi:https://registry.npmjs.org/vite cache-miss
32 http fetch GET 200 https://registry.npmjs.org/@eslint%2fplugin-kit 160ms (cache miss)
33 silly packumentCache corgi:https://registry.npmjs.org/@eslint%2fplugin-kit set size:undefined disposed:false
34 http fetch GET 200 https://registry.npmjs.org/form-data 257ms (cache miss)
35 silly packumentCache corgi:https://registry.npmjs.org/form-data set size:undefined disposed:false
36 http fetch GET 200 https://registry.npmjs.org/axios 260ms (cache miss)
37 silly packumentCache corgi:https://registry.npmjs.org/axios set size:undefined disposed:false
38 http fetch GET 200 https://registry.npmjs.org/brace-expansion 354ms (cache miss)
39 silly packumentCache corgi:https://registry.npmjs.org/brace-expansion set size:undefined disposed:false
40 http fetch GET 200 https://registry.npmjs.org/jspdf 357ms (cache miss)
41 silly packumentCache corgi:https://registry.npmjs.org/jspdf set size:undefined disposed:false
42 http fetch GET 200 https://registry.npmjs.org/vite 419ms (cache miss)
43 silly packumentCache corgi:https://registry.npmjs.org/vite set size:undefined disposed:false
44 silly packumentCache corgi:https://registry.npmjs.org/eslint cache-miss
45 http fetch GET 200 https://registry.npmjs.org/eslint 91ms (cache miss)
46 silly packumentCache corgi:https://registry.npmjs.org/eslint set size:undefined disposed:false
47 silly packumentCache corgi:https://registry.npmjs.org/minimatch cache-miss
48 http fetch GET 200 https://registry.npmjs.org/minimatch 141ms (cache miss)
49 silly packumentCache corgi:https://registry.npmjs.org/minimatch set size:undefined disposed:false
50 silly packumentCache corgi:https://registry.npmjs.org/html2pdf.js cache-miss
51 http fetch GET 200 https://registry.npmjs.org/html2pdf.js 60ms (cache miss)
52 silly packumentCache corgi:https://registry.npmjs.org/html2pdf.js set size:undefined disposed:false
53 silly packumentCache corgi:https://registry.npmjs.org/@tailwindcss%2fvite cache-miss
54 silly packumentCache corgi:https://registry.npmjs.org/@vitejs%2fplugin-react cache-miss
55 silly packumentCache corgi:https://registry.npmjs.org/vite-tsconfig-paths cache-miss
56 http fetch GET 200 https://registry.npmjs.org/vite-tsconfig-paths 121ms (cache miss)
57 silly packumentCache corgi:https://registry.npmjs.org/vite-tsconfig-paths set size:undefined disposed:false
58 http fetch GET 200 https://registry.npmjs.org/@vitejs%2fplugin-react 141ms (cache miss)
59 silly packumentCache corgi:https://registry.npmjs.org/@vitejs%2fplugin-react set size:undefined disposed:false
60 http fetch GET 200 https://registry.npmjs.org/@tailwindcss%2fvite 159ms (cache miss)
61 silly packumentCache corgi:https://registry.npmjs.org/@tailwindcss%2fvite set size:undefined disposed:false
62 silly packumentCache corgi:https://registry.npmjs.org/@eslint-community%2feslint-utils cache-miss
63 silly packumentCache corgi:https://registry.npmjs.org/eslint-plugin-react-hooks cache-miss
64 silly packumentCache corgi:https://registry.npmjs.org/eslint-plugin-react-refresh cache-miss
65 http fetch GET 200 https://registry.npmjs.org/ogl/-/ogl-0.0.108.tgz 1277ms (cache miss)
66 http fetch GET 200 https://registry.npmjs.org/eslint-plugin-react-refresh 92ms (cache miss)
67 silly packumentCache corgi:https://registry.npmjs.org/eslint-plugin-react-refresh set size:undefined disposed:false
68 http fetch GET 200 https://registry.npmjs.org/@eslint-community%2feslint-utils 95ms (cache miss)
69 silly packumentCache corgi:https://registry.npmjs.org/@eslint-community%2feslint-utils set size:undefined disposed:false
70 http fetch GET 200 https://registry.npmjs.org/eslint-plugin-react-hooks 164ms (cache miss)
71 silly packumentCache corgi:https://registry.npmjs.org/eslint-plugin-react-hooks set size:undefined disposed:false
72 silly ADD node_modules/ogl
73 verbose cwd /Users/johnpaul/Desktop/codes/vitpure
74 verbose os Darwin 24.6.0
75 verbose node v24.8.0
76 verbose npm  v11.6.1
77 notice
77 notice New [36mpatch[39m version of npm available! [36m11.6.1[39m -> [34m11.6.2[39m
77 notice Changelog: [34mhttps://github.com/npm/cli/releases/tag/v11.6.2[39m
77 notice To update run: [4mnpm install -g npm@11.6.2[24m
77 notice  { force: true, Symbol(proc-log.meta): true }
78 verbose exit 0
79 info ok
